<?xml version="1.0" encoding="UTF-8"?>
<!-- Generated by org.testng.reporters.JUnitReportReporter -->
<testsuite hostname="muz" failures="0" tests="2" name="com.expedia.flightsbooking.TestNG_Grouping" time="0.001" errors="0" timestamp="2021-05-04T19:39:07 BST" skipped="0">
  <testcase classname="com.expedia.flightsbooking.TestNG_Grouping" name="testAudiA6" time="0.001"/>
  <system-out/>
  <testcase classname="com.expedia.flightsbooking.TestNG_Grouping" name="testBMWX6" time="0.000"/>
  <system-out/>
</testsuite> <!-- com.expedia.flightsbooking.TestNG_Grouping -->
