<?xml version="1.0" encoding="UTF-8"?>
<!-- Generated by org.testng.reporters.JUnitReportReporter -->
<testsuite hostname="muz" failures="0" tests="1" name="com.expedia.flightsbooking.TestNG_TestSuite" time="4.351" errors="0" timestamp="2021-03-31T14:11:00 BST" skipped="0">
  <testcase classname="com.expedia.flightsbooking.TestNG_TestSuite" name="fillBasicInfo" time="4.351"/>
  <system-out/>
</testsuite> <!-- com.expedia.flightsbooking.TestNG_TestSuite -->
